<?xml version="1.0" encoding="UTF-8"?>
<!-- Generated by org.testng.reporters.JUnitXMLReporter -->
<testsuite ignored="1" hostname="JEENIA" failures="0" tests="1" name="Default test" time="38.29" errors="0" timestamp="2022-06-20T21:26:03 GMT-04:00">
  <testcase classname="testLayer.Filteration" name="Sortingoptions" time="22.566"/>
  <testcase classname="testLayer.Filteration" name="SortingFilter" time="0.0">
    <ignored/>
  </testcase> <!-- SortingFilter -->
</testsuite> <!-- Default test -->
